<?xml version="1.0" encoding="UTF-8"?>
<!-- Generated by org.testng.reporters.JUnitReportReporter -->
<testsuite hostname="Sahadevs-MBP.lan" failures="0" tests="3" name="testcases.TestOne" time="14.945" errors="0" timestamp="2022-12-20T15:58:03 EST" skipped="0">
  <testcase classname="testcases.TestOne" name="GetTile" time="6.665"/>
  <system-out/>
  <testcase classname="testcases.TestOne" name="CountItems" time="4.048"/>
  <system-out/>
  <testcase classname="testcases.TestOne" name="Login" time="4.232"/>
  <system-out/>
</testsuite> <!-- testcases.TestOne -->
